<?xml version="1.0" encoding="UTF-8"?>
<!-- Generated by org.testng.reporters.JUnitReportReporter -->
<testsuite hostname="DESKTOP-JD1UT5P" name="com.reportsExample.qs.SearchChiffonDresses" tests="1" failures="0" timestamp="27 Nov 2021 21:23:02 GMT" time="1.066" errors="0">
  <testcase name="search_ChiffonDresses" time="1.066" classname="com.reportsExample.qs.SearchChiffonDresses"/>
</testsuite> <!-- com.reportsExample.qs.SearchChiffonDresses -->
