<?xml version="1.0" encoding="UTF-8"?>
<!-- Generated by org.testng.reporters.JUnitReportReporter -->
<testsuite hostname="DESKTOP-JD1UT5P" name="com.reportsExample.qs.SearchBlouses" tests="1" failures="0" timestamp="27 Nov 2021 21:23:02 GMT" time="1.046" errors="0">
  <testcase name="search_Blouses" time="1.046" classname="com.reportsExample.qs.SearchBlouses"/>
</testsuite> <!-- com.reportsExample.qs.SearchBlouses -->
