<?xml version="1.0" encoding="UTF-8"?>
<!-- Generated by org.testng.reporters.JUnitReportReporter -->
<testsuite hostname="DESKTOP-JD1UT5P" name="com.reportsExample.qs.SearchSummerDresses" tests="1" failures="0" timestamp="27 Nov 2021 21:23:02 GMT" time="1.118" errors="0">
  <testcase name="search_SummerDresses" time="1.118" classname="com.reportsExample.qs.SearchSummerDresses"/>
</testsuite> <!-- com.reportsExample.qs.SearchSummerDresses -->
